<?xml version="1.0" encoding="UTF-8"?>
<testng-results ignored="0" total="1" passed="1" failed="0" skipped="0">
  <reporter-output>
  </reporter-output>
  <suite started-at="2025-12-08T20:12:51 IST" name="Default Suite" finished-at="2025-12-08T20:13:14 IST" duration-ms="22822">
    <groups>
    </groups>
    <test started-at="2025-12-08T20:12:51 IST" name="SeleniumTest" finished-at="2025-12-08T20:13:14 IST" duration-ms="22822">
      <class name="MyTest">
        <test-method signature="setupandTest()[pri:0, instance:MyTest@393671df]" started-at="2025-12-08T20:12:51 IST" name="setupandTest" finished-at="2025-12-08T20:13:14 IST" duration-ms="22773" status="PASS">
          <reporter-output>
          </reporter-output>
        </test-method> <!-- setupandTest -->
      </class> <!-- MyTest -->
    </test> <!-- SeleniumTest -->
  </suite> <!-- Default Suite -->
</testng-results>
